Using pre-set license
Desktop is 6200 x 1920 @ 60 Hz

 COMMAND LINE ARGUMENTS:
Unity
-adb2
-batchMode
-noUpm
-name
AssetImportWorker0
-projectPath
/home/mrvizious/Unity/Projects/GameJamUPV2019
-logFile
Logs/AssetImportWorker0.log
-srvPort
46849
Successfully changed project path to: /home/mrvizious/Unity/Projects/GameJamUPV2019
/home/mrvizious/Unity/Projects/GameJamUPV2019
Using Asset Import Pipeline V2.
Refreshing native plugins compatible for Editor in 21.97 ms, found 0 plugins.
Preloading 0 native plugins for Editor in 0.00 ms.
Initialize engine version: 2020.3.0f1 (c7b5465681fb)
[Subsystems] Discovering subsystems at path /home/mrvizious/Unity/Hub/Editor/2020.3.0f1/Editor/Data/Resources/UnitySubsystems
[Subsystems] Discovering subsystems at path /home/mrvizious/Unity/Projects/GameJamUPV2019/Assets
GLX Extensions: GLX_ARB_get_proc_address GLX_ARB_multisample GLX_EXT_visual_info GLX_EXT_visual_rating GLX_EXT_import_context GLX_SGI_video_sync GLX_SGIX_fbconfig GLX_SGIX_pbuffer GLX_SGI_swap_control GLX_EXT_swap_control GLX_EXT_swap_control_tear GLX_EXT_buffer_age GLX_ARB_create_context GLX_ARB_create_context_profile GLX_NV_float_buffer GLX_ARB_fbconfig_float GLX_EXT_texture_from_pixmap GLX_EXT_framebuffer_sRGB GLX_NV_copy_image GLX_EXT_create_context_es_profile GLX_EXT_create_context_es2_profile GLX_ARB_create_context_no_error GLX_ARB_create_context_robustness GLX_NV_delay_before_swap GLX_EXT_stereo_tree GLX_ARB_context_flush_control GLX_NV_robustness_video_memory_purge GLX_NV_multigpu_context 
Renderer: NVIDIA GeForce RTX 3070/PCIe/SSE2
Vendor:   NVIDIA Corporation
Version:  4.5.0 NVIDIA 470.63.01
GLES:     0
 GL_AMD_multi_draw_indirect GL_AMD_seamless_cubemap_per_texture GL_AMD_vertex_shader_viewport_index GL_AMD_vertex_shader_layer GL_ARB_arrays_of_arrays GL_ARB_base_instance GL_ARB_bindless_texture GL_ARB_blend_func_extended GL_ARB_buffer_storage GL_ARB_clear_buffer_object GL_ARB_clear_texture GL_ARB_clip_control GL_ARB_color_buffer_float GL_ARB_compressed_texture_pixel_storage GL_ARB_conservative_depth GL_ARB_compute_shader GL_ARB_compute_variable_group_size GL_ARB_conditional_render_inverted GL_ARB_copy_buffer GL_ARB_copy_image GL_ARB_cull_distance GL_ARB_debug_output GL_ARB_depth_buffer_float GL_ARB_depth_clamp GL_ARB_depth_texture GL_ARB_derivative_control GL_ARB_direct_state_access GL_ARB_draw_buffers GL_ARB_draw_buffers_blend GL_ARB_draw_indirect GL_ARB_draw_elements_base_vertex GL_ARB_draw_instanced GL_ARB_enhanced_layouts GL_ARB_ES2_compatibility GL_ARB_ES3_compatibility GL_ARB_ES3_1_compatibility GL_ARB_ES3_2_compatibility GL_ARB_explicit_attrib_location GL_ARB_explicit_uniform_location GL_ARB_fragmen
t_coord_conventions GL_ARB_fragment_layer_viewport GL_ARB_fragment_program GL_ARB_fragment_program_shadow GL_ARB_fragment_shader GL_ARB_fragment_shader_interlock GL_ARB_framebuffer_no_attachments GL_ARB_framebuffer_object GL_ARB_framebuffer_sRGB GL_ARB_geometry_shader4 GL_ARB_get_program_binary GL_ARB_get_texture_sub_image GL_ARB_gl_spirv GL_ARB_gpu_shader5 GL_ARB_gpu_shader_fp64 GL_ARB_gpu_shader_int64 GL_ARB_half_float_pixel GL_ARB_half_float_vertex GL_ARB_imaging GL_ARB_indirect_parameters GL_ARB_instanced_arrays GL_ARB_internalformat_query GL_ARB_internalformat_query2 GL_ARB_invalidate_subdata GL_ARB_map_buffer_alignment GL_ARB_map_buffer_range GL_ARB_multi_bind GL_ARB_multi_draw_indirect GL_ARB_multisample GL_ARB_multitexture GL_ARB_occlusion_query GL_ARB_occlusion_query2 GL_ARB_parallel_shader_compile GL_ARB_pipeline_statistics_query GL_ARB_pixel_buffer_object GL_ARB_point_parameters GL_ARB_point_sprite GL_ARB_polygon_offset_clamp GL_ARB_post_depth_coverage GL_ARB_program_interface_query GL_ARB_provoki
ng_vertex GL_ARB_query_buffer_object GL_ARB_robust_buffer_access_behavior GL_ARB_robustness GL_ARB_sample_locations GL_ARB_sample_shading GL_ARB_sampler_objects GL_ARB_seamless_cube_map GL_ARB_seamless_cubemap_per_texture GL_ARB_separate_shader_objects GL_ARB_shader_atomic_counter_ops GL_ARB_shader_atomic_counters GL_ARB_shader_ballot GL_ARB_shader_bit_encoding GL_ARB_shader_clock GL_ARB_shader_draw_parameters GL_ARB_shader_group_vote GL_ARB_shader_image_load_store GL_ARB_shader_image_size GL_ARB_shader_objects GL_ARB_shader_precision GL_ARB_shader_storage_buffer_object GL_ARB_shader_subroutine GL_ARB_shader_texture_image_samples GL_ARB_shader_texture_lod GL_ARB_shading_language_100 GL_ARB_shader_viewport_layer_array GL_ARB_shading_language_420pack GL_ARB_shading_language_include GL_ARB_shading_language_packing GL_ARB_shadow GL_ARB_sparse_buffer GL_ARB_sparse_texture GL_ARB_sparse_texture2 GL_ARB_sparse_texture_clamp GL_ARB_spirv_extensions GL_ARB_stencil_texturing GL_ARB_sync GL_ARB_tessellation_shader GL_A
RB_texture_barrier GL_ARB_texture_border_clamp GL_ARB_texture_buffer_object GL_ARB_texture_buffer_object_rgb32 GL_ARB_texture_buffer_range GL_ARB_texture_compression GL_ARB_texture_compression_bptc GL_ARB_texture_compression_rgtc GL_ARB_texture_cube_map GL_ARB_texture_cube_map_array GL_ARB_texture_env_add GL_ARB_texture_env_combine GL_ARB_texture_env_crossbar GL_ARB_texture_env_dot3 GL_ARB_texture_filter_anisotropic GL_ARB_texture_filter_minmax GL_ARB_texture_float GL_ARB_texture_gather GL_ARB_texture_mirror_clamp_to_edge GL_ARB_texture_mirrored_repeat GL_ARB_texture_multisample GL_ARB_texture_non_power_of_two GL_ARB_texture_query_levels GL_ARB_texture_query_lod GL_ARB_texture_rectangle GL_ARB_texture_rg GL_ARB_texture_rgb10_a2ui GL_ARB_texture_stencil8 GL_ARB_texture_storage GL_ARB_texture_storage_multisample GL_ARB_texture_swizzle GL_ARB_texture_view GL_ARB_timer_query GL_ARB_transform_feedback2 GL_ARB_transform_feedback3 GL_ARB_transform_feedback_instanced GL_ARB_transform_feedback_overflow_query GL_ARB_t
ranspose_matrix GL_ARB_uniform_buffer_object GL_ARB_vertex_array_bgra GL_ARB_vertex_array_object GL_ARB_vertex_attrib_64bit GL_ARB_vertex_attrib_binding GL_ARB_vertex_buffer_object GL_ARB_vertex_program GL_ARB_vertex_shader GL_ARB_vertex_type_10f_11f_11f_rev GL_ARB_vertex_type_2_10_10_10_rev GL_ARB_viewport_array GL_ARB_window_pos GL_ATI_draw_buffers GL_ATI_texture_float GL_ATI_texture_mirror_once GL_S3_s3tc GL_EXT_texture_env_add GL_EXT_abgr GL_EXT_bgra GL_EXT_bindable_uniform GL_EXT_blend_color GL_EXT_blend_equation_separate GL_EXT_blend_func_separate GL_EXT_blend_minmax GL_EXT_blend_subtract GL_EXT_compiled_vertex_array GL_EXT_Cg_shader GL_EXT_depth_bounds_test GL_EXT_direct_state_access GL_EXT_draw_buffers2 GL_EXT_draw_instanced GL_EXT_draw_range_elements GL_EXT_fog_coord GL_EXT_framebuffer_blit GL_EXT_framebuffer_multisample GL_EXTX_framebuffer_mixed_formats GL_EXT_framebuffer_multisample_blit_scaled GL_EXT_framebuffer_object GL_EXT_framebuffer_sRGB GL_EXT_geometry_shader4 GL_EXT_gpu_program_parameters 
GL_EXT_gpu_shader4 GL_EXT_multi_draw_arrays GL_EXT_multiview_texture_multisample GL_EXT_multiview_timer_query GL_EXT_packed_depth_stencil GL_EXT_packed_float GL_EXT_packed_pixels GL_EXT_pixel_buffer_object GL_EXT_point_parameters GL_EXT_polygon_offset_clamp GL_EXT_post_depth_coverage GL_EXT_provoking_vertex GL_EXT_raster_multisample GL_EXT_rescale_normal GL_EXT_secondary_color GL_EXT_separate_shader_objects GL_EXT_separate_specular_color GL_EXT_shader_image_load_formatted GL_EXT_shader_image_load_store GL_EXT_shader_integer_mix GL_EXT_shadow_funcs GL_EXT_sparse_texture2 GL_EXT_stencil_two_side GL_EXT_stencil_wrap GL_EXT_texture3D GL_EXT_texture_array GL_EXT_texture_buffer_object GL_EXT_texture_compression_dxt1 GL_EXT_texture_compression_latc GL_EXT_texture_compression_rgtc GL_EXT_texture_compression_s3tc GL_EXT_texture_cube_map GL_EXT_texture_edge_clamp GL_EXT_texture_env_combine GL_EXT_texture_env_dot3 GL_EXT_texture_filter_anisotropic GL_EXT_texture_filter_minmax GL_EXT_texture_integer GL_EXT_texture_lod G
L_EXT_texture_lod_bias GL_EXT_texture_mirror_clamp GL_EXT_texture_object GL_EXT_texture_shadow_lod GL_EXT_texture_shared_exponent GL_EXT_texture_sRGB GL_EXT_texture_sRGB_R8 GL_EXT_texture_sRGB_decode GL_EXT_texture_storage GL_EXT_texture_swizzle GL_EXT_timer_query GL_EXT_transform_feedback2 GL_EXT_vertex_array GL_EXT_vertex_array_bgra GL_EXT_vertex_attrib_64bit GL_EXT_window_rectangles GL_EXT_x11_sync_object GL_EXT_import_sync_object GL_NV_robustness_video_memory_purge GL_IBM_rasterpos_clip GL_IBM_texture_mirrored_repeat GL_KHR_context_flush_control GL_KHR_debug GL_EXT_memory_object GL_EXT_memory_object_fd GL_NV_memory_object_sparse GL_KHR_parallel_shader_compile GL_KHR_no_error GL_KHR_robust_buffer_access_behavior GL_KHR_robustness GL_EXT_semaphore GL_EXT_semaphore_fd GL_NV_timeline_semaphore GL_KHR_shader_subgroup GL_KTX_buffer_region GL_NV_alpha_to_coverage_dither_control GL_NV_bindless_multi_draw_indirect GL_NV_bindless_multi_draw_indirect_count GL_NV_bindless_texture GL_NV_blend_equation_advanced GL_NV_
blend_equation_advanced_coherent GL_NVX_blend_equation_advanced_multi_draw_buffers GL_NV_blend_minmax_factor GL_NV_blend_square GL_NV_clip_space_w_scaling GL_NV_command_list GL_NV_compute_program5 GL_NV_compute_shader_derivatives GL_NV_conditional_render GL_NV_conservative_raster GL_NV_conservative_raster_dilate GL_NV_conservative_raster_pre_snap GL_NV_conservative_raster_pre_snap_triangles GL_NV_conservative_raster_underestimation GL_NV_copy_depth_to_color GL_NV_copy_image GL_NV_depth_buffer_float GL_NV_depth_clamp GL_NV_draw_texture GL_NV_draw_vulkan_image GL_NV_ES1_1_compatibility GL_NV_ES3_1_compatibility GL_NV_explicit_multisample GL_NV_feature_query GL_NV_fence GL_NV_fill_rectangle GL_NV_float_buffer GL_NV_fog_distance GL_NV_fragment_coverage_to_color GL_NV_fragment_program GL_NV_fragment_program_option GL_NV_fragment_program2 GL_NV_fragment_shader_barycentric GL_NV_fragment_shader_interlock GL_NV_framebuffer_mixed_samples GL_NV_framebuffer_multisample_coverage GL_NV_geometry_shader4 GL_NV_geometry_sha
der_passthrough GL_NV_gpu_program4 GL_NV_internalformat_sample_query GL_NV_gpu_program4_1 GL_NV_gpu_program5 GL_NV_gpu_program5_mem_extended GL_NV_gpu_program_fp64 GL_NV_gpu_shader5 GL_NV_half_float GL_NV_light_max_exponent GL_NV_memory_attachment GL_NV_mesh_shader GL_NV_multisample_coverage GL_NV_multisample_filter_hint GL_NV_occlusion_query GL_NV_packed_depth_stencil GL_NV_parameter_buffer_object GL_NV_parameter_buffer_object2 GL_NV_path_rendering GL_NV_path_rendering_shared_edge GL_NV_pixel_data_range GL_NV_point_sprite GL_NV_primitive_restart GL_NV_primitive_shading_rate GL_NV_query_resource GL_NV_query_resource_tag GL_NV_register_combiners GL_NV_register_combiners2 GL_NV_representative_fragment_test GL_NV_sample_locations GL_NV_sample_mask_override_coverage GL_NV_scissor_exclusive GL_NV_shader_atomic_counters GL_NV_shader_atomic_float GL_NV_shader_atomic_float64 GL_NV_shader_atomic_fp16_vector GL_NV_shader_atomic_int64 GL_NV_shader_buffer_load GL_NV_shader_storage_buffer_object GL_NV_shader_subgroup_par
titioned GL_NV_shader_texture_footprint GL_NV_shading_rate_image GL_NV_stereo_view_rendering GL_NV_texgen_reflection GL_NV_texture_barrier GL_NV_texture_compression_vtc GL_NV_texture_dirty_tile_map GL_NV_texture_env_combine4 GL_NV_texture_multisample GL_NV_texture_rectangle GL_NV_texture_rectangle_compressed GL_NV_texture_shader GL_NV_texture_shader2 GL_NV_texture_shader3 GL_NV_transform_feedback GL_NV_transform_feedback2 GL_NV_uniform_buffer_unified_memory GL_NV_vdpau_interop GL_NV_vdpau_interop2 GL_NV_vertex_array_range GL_NV_vertex_array_range2 GL_NV_vertex_attrib_integer_64bit GL_NV_vertex_buffer_unified_memory GL_NV_vertex_program GL_NV_vertex_program1_1 GL_NV_vertex_program2 GL_NV_vertex_program2_option GL_NV_vertex_program3 GL_NV_viewport_array2 GL_NV_viewport_swizzle GL_NVX_conditional_render GL_NV_gpu_multicast GL_NVX_progress_fence GL_NVX_gpu_memory_info GL_NVX_nvenc_interop GL_NV_shader_thread_group GL_NV_shader_thread_shuffle GL_KHR_blend_equation_advanced GL_KHR_blend_equation_advanced_coherent 
GL_OVR_multiview GL_OVR_multiview2 GL_SGIS_generate_mipmap GL_SGIS_texture_lod GL_SGIX_depth_texture GL_SGIX_shadow GL_SUN_slice_accum
OPENGL LOG: Creating OpenGL 4.5 graphics device ; Context level  <OpenGL 4.5> ; Context handle -819573960
Initialize mono
Mono path[0] = '/home/mrvizious/Unity/Hub/Editor/2020.3.0f1/Editor/Data/Managed'
Mono path[1] = '/home/mrvizious/Unity/Hub/Editor/2020.3.0f1/Editor/Data/MonoBleedingEdge/lib/mono/unityjit'
Mono config path = '/home/mrvizious/Unity/Hub/Editor/2020.3.0f1/Editor/Data/MonoBleedingEdge/etc'
Using monoOptions --debugger-agent=transport=dt_socket,embedding=1,server=y,suspend=n,address=127.0.0.1:56208
Begin MonoManager ReloadAssembly
Registering precompiled unity dll's ...
Register platform support module: /home/mrvizious/Unity/Hub/Editor/2020.3.0f1/Editor/Data/PlaybackEngines/WebGLSupport/UnityEditor.WebGL.Extensions.dll
Register platform support module: /home/mrvizious/Unity/Hub/Editor/2020.3.0f1/Editor/Data/PlaybackEngines/WindowsStandaloneSupport/UnityEditor.WindowsStandalone.Extensions.dll
Register platform support module: /home/mrvizious/Unity/Hub/Editor/2020.3.0f1/Editor/Data/PlaybackEngines/LinuxStandaloneSupport/UnityEditor.LinuxStandalone.Extensions.dll
Registered in 0.000836 seconds.
Native extension for LinuxStandalone target not found
Native extension for WindowsStandalone target not found
Native extension for WebGL target not found
Refreshing native plugins compatible for Editor in 20.71 ms, found 0 plugins.
Preloading 0 native plugins for Editor in 0.00 ms.
Invoked RoslynAnalysisRunner static constructor.
RoslynAnalysisRunner will not be running.
RoslynAnalysisRunner has terminated.
Mono: successfully reloaded assembly
- Completed reload, in  0.547 seconds
Platform modules already initialized, skipping
Registering precompiled user dll's ...
Registered in 0.000544 seconds.
Begin MonoManager ReloadAssembly
Native extension for LinuxStandalone target not found
Native extension for WindowsStandalone target not found
Native extension for WebGL target not found
Refreshing native plugins compatible for Editor in 0.33 ms, found 0 plugins.
Preloading 0 native plugins for Editor in 0.00 ms.
Invoked RoslynAnalysisRunner static constructor.
RoslynAnalysisRunner will not be running.
RoslynAnalysisRunner has terminated.
Mono: successfully reloaded assembly
- Completed reload, in  0.490 seconds
Platform modules already initialized, skipping
========================================================================
Worker process is ready to serve import requests
Launched and connected shader compiler UnityShaderCompiler after 0.00 seconds
Refreshing native plugins compatible for Editor in 0.28 ms, found 0 plugins.
Preloading 0 native plugins for Editor in 0.00 ms.
Unloading 1428 Unused Serialized files (Serialized files now loaded: 0)
System memory in use before: 59.4 MB.
System memory in use after: 59.3 MB.

Unloading 33 unused Assets to reduce memory usage. Loaded Objects now: 1856.
Total: 1.979952 ms (FindLiveObjects: 0.115190 ms CreateObjectMapping: 0.040100 ms MarkObjects: 1.679202 ms  DeleteObjects: 0.144840 ms)

========================================================================
Received Import Request.
  path: Assets/Sprites/PurpleEnemySpriteSheet.png
  artifactKey: Guid(195b62970ab944495a8bcd73123de26b) Importer(815301076,1909f56bfc062723c751e8b465ee728b)
Start importing Assets/Sprites/PurpleEnemySpriteSheet.png using Guid(195b62970ab944495a8bcd73123de26b) Importer(815301076,1909f56bfc062723c751e8b465ee728b)  -> (artifact id: '7bef25e9f1ad6ce31136e7d13111bd38') in 0.059433 seconds
  Import took 0.061052 seconds .

========================================================================
Received Import Request.
  Time since last request: 0.000111 seconds.
  path: Assets/Sprites/GreenEnemySpriteSheetBack.png
  artifactKey: Guid(1318c0170debf4bf187a0d36267daf38) Importer(815301076,1909f56bfc062723c751e8b465ee728b)
Start importing Assets/Sprites/GreenEnemySpriteSheetBack.png using Guid(1318c0170debf4bf187a0d36267daf38) Importer(815301076,1909f56bfc062723c751e8b465ee728b)  -> (artifact id: '9c8111c2ac7ed3555b3e268b02240ddd') in 0.006770 seconds
  Import took 0.007777 seconds .

========================================================================
Received Import Request.
  Time since last request: 0.000086 seconds.
  path: Assets/Sprites/abogado frente animado total.png
  artifactKey: Guid(e38f8722dd4704d469e2bd0072b5e987) Importer(815301076,1909f56bfc062723c751e8b465ee728b)
Start importing Assets/Sprites/abogado frente animado total.png using Guid(e38f8722dd4704d469e2bd0072b5e987) Importer(815301076,1909f56bfc062723c751e8b465ee728b)  -> (artifact id: '36eaaec3c97f0d3231b3524bd00e81e2') in 0.016169 seconds
  Import took 0.017262 seconds .

========================================================================
Received Import Request.
  Time since last request: 0.000066 seconds.
  path: Assets/Sprites/GreenEnemySpriteSheet.png
  artifactKey: Guid(b76874136318848f38b09f4b2b565328) Importer(815301076,1909f56bfc062723c751e8b465ee728b)
Start importing Assets/Sprites/GreenEnemySpriteSheet.png using Guid(b76874136318848f38b09f4b2b565328) Importer(815301076,1909f56bfc062723c751e8b465ee728b)  -> (artifact id: 'a0fcf5a7fa355a367b8e240474181e54') in 0.006790 seconds
  Import took 0.007818 seconds .

========================================================================
Received Import Request.
  Time since last request: 0.000070 seconds.
  path: Assets/Sprites/comic 2 DEF.png
  artifactKey: Guid(4182cd938feb84946aa1bdaf221fbf64) Importer(815301076,1909f56bfc062723c751e8b465ee728b)
Start importing Assets/Sprites/comic 2 DEF.png using Guid(4182cd938feb84946aa1bdaf221fbf64) Importer(815301076,1909f56bfc062723c751e8b465ee728b)  -> (artifact id: 'b861685d6d25a39ed1114691e86e9555') in 0.010782 seconds
  Import took 0.012251 seconds .

========================================================================
Received Import Request.
  Time since last request: 0.000080 seconds.
  path: Assets/Sprites/StartMenu.png
  artifactKey: Guid(086e7d3d8e33c4d36bbb037dee826a0c) Importer(815301076,1909f56bfc062723c751e8b465ee728b)
Start importing Assets/Sprites/StartMenu.png using Guid(086e7d3d8e33c4d36bbb037dee826a0c) Importer(815301076,1909f56bfc062723c751e8b465ee728b)  -> (artifact id: 'ff2d166aebd15a7da638c334e999fcf3') in 0.010102 seconds
  Import took 0.011624 seconds .

========================================================================
Received Import Request.
  Time since last request: 0.000100 seconds.
  path: Assets/Sprites/OrangeEnemySpriteSheet.png
  artifactKey: Guid(bc0f8e8f8e98f4159a353dfc5647b80d) Importer(815301076,1909f56bfc062723c751e8b465ee728b)
Start importing Assets/Sprites/OrangeEnemySpriteSheet.png using Guid(bc0f8e8f8e98f4159a353dfc5647b80d) Importer(815301076,1909f56bfc062723c751e8b465ee728b)  -> (artifact id: '1bdcbcab9ca1052feda9f8a03de244fb') in 0.005935 seconds
  Import took 0.006935 seconds .

========================================================================
Received Import Request.
  Time since last request: 0.000073 seconds.
  path: Assets/Sprites/PurpleEnemySpriteSheetBack.png
  artifactKey: Guid(c2d5d955fbb8c498b9152f353c774a6d) Importer(815301076,1909f56bfc062723c751e8b465ee728b)
Start importing Assets/Sprites/PurpleEnemySpriteSheetBack.png using Guid(c2d5d955fbb8c498b9152f353c774a6d) Importer(815301076,1909f56bfc062723c751e8b465ee728b)  -> (artifact id: '71f076766fe259c1379fe2aebf95671e') in 0.006451 seconds
  Import took 0.007411 seconds .

========================================================================
Received Import Request.
  Time since last request: 0.000068 seconds.
  path: Assets/Sprites/abogado atras animado total.png
  artifactKey: Guid(c5dcf8f232a73a2489a8af026edc3a7c) Importer(815301076,1909f56bfc062723c751e8b465ee728b)
Start importing Assets/Sprites/abogado atras animado total.png using Guid(c5dcf8f232a73a2489a8af026edc3a7c) Importer(815301076,1909f56bfc062723c751e8b465ee728b)  -> (artifact id: 'e8af94e541339788dd563c87355f5870') in 0.011208 seconds
  Import took 0.012241 seconds .

========================================================================
Received Import Request.
  Time since last request: 0.000064 seconds.
  path: Assets/Sprites/controls.png
  artifactKey: Guid(ce8b1686f4225d1969bdf8f3ee9c9e3e) Importer(815301076,1909f56bfc062723c751e8b465ee728b)
Start importing Assets/Sprites/controls.png using Guid(ce8b1686f4225d1969bdf8f3ee9c9e3e) Importer(815301076,1909f56bfc062723c751e8b465ee728b)  -> (artifact id: 'dd9edbc9a34c322f97c4b1ba9b92170c') in 0.003570 seconds
  Import took 0.004522 seconds .

========================================================================
Received Import Request.
  Time since last request: 0.000059 seconds.
  path: Assets/Sprites/RedEnemySpriteSheetBack.png
  artifactKey: Guid(9ea455add1979402bab059cf41bf4f0c) Importer(815301076,1909f56bfc062723c751e8b465ee728b)
Start importing Assets/Sprites/RedEnemySpriteSheetBack.png using Guid(9ea455add1979402bab059cf41bf4f0c) Importer(815301076,1909f56bfc062723c751e8b465ee728b)  -> (artifact id: 'f8bf511ed9c36da0f2f614d0e7a30020') in 0.007211 seconds
  Import took 0.008186 seconds .

========================================================================
Received Import Request.
  Time since last request: 0.000060 seconds.
  path: Assets/Sprites/UI-FullHealth.png
  artifactKey: Guid(d964ea5d35c8349ef918273014597729) Importer(815301076,1909f56bfc062723c751e8b465ee728b)
Start importing Assets/Sprites/UI-FullHealth.png using Guid(d964ea5d35c8349ef918273014597729) Importer(815301076,1909f56bfc062723c751e8b465ee728b)  -> (artifact id: '263924ba4ab0765fc35a7cfc12261732') in 0.003175 seconds
  Import took 0.004145 seconds .

========================================================================
Received Import Request.
  Time since last request: 0.000056 seconds.
  path: Assets/Sprites/EnemySpriteSheet.png
  artifactKey: Guid(88d6ecdb6584a4034908f04307d609c0) Importer(815301076,1909f56bfc062723c751e8b465ee728b)
Start importing Assets/Sprites/EnemySpriteSheet.png using Guid(88d6ecdb6584a4034908f04307d609c0) Importer(815301076,1909f56bfc062723c751e8b465ee728b)  -> (artifact id: 'ecefb043fdb15d6c7106a993ecd15d9a') in 0.016719 seconds
  Import took 0.017731 seconds .

========================================================================
Received Import Request.
  Time since last request: 0.000067 seconds.
  path: Assets/Sprites/OrangeEnemySpriteSheetBack.png
  artifactKey: Guid(325eb695bb138415299b484e1aa408bf) Importer(815301076,1909f56bfc062723c751e8b465ee728b)
Start importing Assets/Sprites/OrangeEnemySpriteSheetBack.png using Guid(325eb695bb138415299b484e1aa408bf) Importer(815301076,1909f56bfc062723c751e8b465ee728b)  -> (artifact id: 'd14c9aac0fc295ef857509a5421d2f08') in 0.005696 seconds
  Import took 0.006653 seconds .

========================================================================
Received Import Request.
  Time since last request: 0.000061 seconds.
  path: Assets/Sprites/Arrow.png
  artifactKey: Guid(84cad62334a0f445f8746bcdd6dcb728) Importer(815301076,1909f56bfc062723c751e8b465ee728b)
Start importing Assets/Sprites/Arrow.png using Guid(84cad62334a0f445f8746bcdd6dcb728) Importer(815301076,1909f56bfc062723c751e8b465ee728b)  -> (artifact id: '9022aa72341af0199519a1abb24caad4') in 0.002922 seconds
  Import took 0.003859 seconds .

========================================================================
Received Import Request.
  Time since last request: 0.000058 seconds.
  path: Assets/Sprites/AbogadoDirecciones.png
  artifactKey: Guid(87d1dd823eb664ddeac85c4d68592b14) Importer(815301076,1909f56bfc062723c751e8b465ee728b)
Start importing Assets/Sprites/AbogadoDirecciones.png using Guid(87d1dd823eb664ddeac85c4d68592b14) Importer(815301076,1909f56bfc062723c751e8b465ee728b)  -> (artifact id: '033fe7fa2643eece4f27d29cadeedab3') in 0.010984 seconds
  Import took 0.012006 seconds .

========================================================================
Received Import Request.
  Time since last request: 0.000076 seconds.
  path: Assets/Sprites/AltarLights.png
  artifactKey: Guid(f477df7e48acb48e381c87af57517e95) Importer(815301076,1909f56bfc062723c751e8b465ee728b)
Start importing Assets/Sprites/AltarLights.png using Guid(f477df7e48acb48e381c87af57517e95) Importer(815301076,1909f56bfc062723c751e8b465ee728b)  -> (artifact id: 'd6bb9b08f883d9188ce2f6c92e6ff3cd') in 0.005848 seconds
  Import took 0.006816 seconds .

========================================================================
Received Import Request.
  Time since last request: 0.000058 seconds.
  path: Assets/Sprites/BlueEnemySpriteSheetBack.png
  artifactKey: Guid(ed7cba728f2a6445e8eccdb33da20ab9) Importer(815301076,1909f56bfc062723c751e8b465ee728b)
Start importing Assets/Sprites/BlueEnemySpriteSheetBack.png using Guid(ed7cba728f2a6445e8eccdb33da20ab9) Importer(815301076,1909f56bfc062723c751e8b465ee728b)  -> (artifact id: 'f445667e499341eb4c7228ee25eff453') in 0.006299 seconds
  Import took 0.007287 seconds .

========================================================================
Received Import Request.
  Time since last request: 0.000073 seconds.
  path: Assets/Sprites/PrysmaSpriteSheet.png
  artifactKey: Guid(a4c3a222132fa4a4c9659130592c5aca) Importer(815301076,1909f56bfc062723c751e8b465ee728b)
Start importing Assets/Sprites/PrysmaSpriteSheet.png using Guid(a4c3a222132fa4a4c9659130592c5aca) Importer(815301076,1909f56bfc062723c751e8b465ee728b)  -> (artifact id: 'b6a83f6524df0f4e0d392085687ca1da') in 0.022543 seconds
  Import took 0.023589 seconds .

========================================================================
Received Import Request.
  Time since last request: 0.000070 seconds.
  path: Assets/Sprites/UI-GunColorSpriteSheet.png
  artifactKey: Guid(d9d7eb65fcdb64f67a13a6d4f4a8d098) Importer(815301076,1909f56bfc062723c751e8b465ee728b)
Start importing Assets/Sprites/UI-GunColorSpriteSheet.png using Guid(d9d7eb65fcdb64f67a13a6d4f4a8d098) Importer(815301076,1909f56bfc062723c751e8b465ee728b)  -> (artifact id: 'ec16c4a02228b55c9a963c48f26cf19d') in 0.006606 seconds
  Import took 0.007569 seconds .

========================================================================
Received Import Request.
  Time since last request: 0.000067 seconds.
  path: Assets/Sprites/RedEnemySpriteSheet.png
  artifactKey: Guid(9e4cef03e09e54b0ca093a3d2262bfe7) Importer(815301076,1909f56bfc062723c751e8b465ee728b)
Start importing Assets/Sprites/RedEnemySpriteSheet.png using Guid(9e4cef03e09e54b0ca093a3d2262bfe7) Importer(815301076,1909f56bfc062723c751e8b465ee728b)  -> (artifact id: '8d77878f427ebaa2aee9a0257c6ea3af') in 0.009184 seconds
  Import took 0.010162 seconds .

========================================================================
Received Import Request.
  Time since last request: 0.000073 seconds.
  path: Assets/Sprites/AbogadoFrenteArreglado.png
  artifactKey: Guid(33febe27188834762b6a552cfab3198a) Importer(815301076,1909f56bfc062723c751e8b465ee728b)
Start importing Assets/Sprites/AbogadoFrenteArreglado.png using Guid(33febe27188834762b6a552cfab3198a) Importer(815301076,1909f56bfc062723c751e8b465ee728b)  -> (artifact id: '3588b5a6ebcb08ab63be435716eab602') in 0.002782 seconds
  Import took 0.003719 seconds .

========================================================================
Received Import Request.
  Time since last request: 0.000055 seconds.
  path: Assets/Sprites/YellowEnemySpriteSheet.png
  artifactKey: Guid(e3c49fd9d0d3844a1aaa5ef2f2178fb7) Importer(815301076,1909f56bfc062723c751e8b465ee728b)
Start importing Assets/Sprites/YellowEnemySpriteSheet.png using Guid(e3c49fd9d0d3844a1aaa5ef2f2178fb7) Importer(815301076,1909f56bfc062723c751e8b465ee728b)  -> (artifact id: '3d26f6f0baa4133df4af53ce4f6ca7d2') in 0.007354 seconds
  Import took 0.008387 seconds .

========================================================================
Received Import Request.
  Time since last request: 0.000064 seconds.
  path: Assets/Sprites/PrysmaAura.png
  artifactKey: Guid(d26375f643e6e44b790df2836ed93a29) Importer(815301076,1909f56bfc062723c751e8b465ee728b)
Start importing Assets/Sprites/PrysmaAura.png using Guid(d26375f643e6e44b790df2836ed93a29) Importer(815301076,1909f56bfc062723c751e8b465ee728b)  -> (artifact id: '5b70619fd182ac5335eea999f2e552f1') in 0.003155 seconds
  Import took 0.004091 seconds .

========================================================================
Received Import Request.
  Time since last request: 0.000060 seconds.
  path: Assets/Sprites/AbogadoWalkIzqSpriteSheet.png
  artifactKey: Guid(b3f5a14f244d7452386883cc1240bdd8) Importer(815301076,1909f56bfc062723c751e8b465ee728b)
Start importing Assets/Sprites/AbogadoWalkIzqSpriteSheet.png using Guid(b3f5a14f244d7452386883cc1240bdd8) Importer(815301076,1909f56bfc062723c751e8b465ee728b)  -> (artifact id: '1c50a58dff45d21a8f285e341ee6bfaf') in 0.013598 seconds
  Import took 0.014607 seconds .

========================================================================
Received Import Request.
  Time since last request: 0.000066 seconds.
  path: Assets/Sprites/AbogadoWalkDerSpriteSheet.png
  artifactKey: Guid(7f72fedf9a2e94d0cb5cd4d1a9eb5b45) Importer(815301076,1909f56bfc062723c751e8b465ee728b)
Start importing Assets/Sprites/AbogadoWalkDerSpriteSheet.png using Guid(7f72fedf9a2e94d0cb5cd4d1a9eb5b45) Importer(815301076,1909f56bfc062723c751e8b465ee728b)  -> (artifact id: '99f96d757bd57447af5d93a24834474d') in 0.011202 seconds
  Import took 0.012212 seconds .

========================================================================
Received Import Request.
  Time since last request: 0.000074 seconds.
  path: Assets/Sprites/ArrowHighContrastDown.png
  artifactKey: Guid(122379b9ce2844bb7a24bcacd2fd0e43) Importer(815301076,1909f56bfc062723c751e8b465ee728b)
Start importing Assets/Sprites/ArrowHighContrastDown.png using Guid(122379b9ce2844bb7a24bcacd2fd0e43) Importer(815301076,1909f56bfc062723c751e8b465ee728b)  -> (artifact id: 'fab6175506f6e052a88af47eecb671d4') in 0.003589 seconds
  Import took 0.004543 seconds .

========================================================================
Received Import Request.
  Time since last request: 0.000056 seconds.
  path: Assets/Sprites/WhiteRectangle.png
  artifactKey: Guid(d0846d4bfe00feb46801829427ac0020) Importer(815301076,1909f56bfc062723c751e8b465ee728b)
Start importing Assets/Sprites/WhiteRectangle.png using Guid(d0846d4bfe00feb46801829427ac0020) Importer(815301076,1909f56bfc062723c751e8b465ee728b)  -> (artifact id: '947bd26c1056c07a86184016602b8eb2') in 0.003530 seconds
  Import took 0.004490 seconds .

========================================================================
Received Import Request.
  Time since last request: 0.000064 seconds.
  path: Assets/Sprites/UI-HealthBarSpriteSheet.png
  artifactKey: Guid(81308cacf7d49451694fc5cdb7c71ae1) Importer(815301076,1909f56bfc062723c751e8b465ee728b)
Start importing Assets/Sprites/UI-HealthBarSpriteSheet.png using Guid(81308cacf7d49451694fc5cdb7c71ae1) Importer(815301076,1909f56bfc062723c751e8b465ee728b)  -> (artifact id: '235a9dd44fa8e41eb13d7df60021a388') in 0.006226 seconds
  Import took 0.007194 seconds .

========================================================================
Received Import Request.
  Time since last request: 0.000070 seconds.
  path: Assets/Sprites/YellowEnemySpriteSheetBackGood.png
  artifactKey: Guid(3bdfc2425a2cc441f96fc3a7ac652a79) Importer(815301076,1909f56bfc062723c751e8b465ee728b)
Start importing Assets/Sprites/YellowEnemySpriteSheetBackGood.png using Guid(3bdfc2425a2cc441f96fc3a7ac652a79) Importer(815301076,1909f56bfc062723c751e8b465ee728b)  -> (artifact id: '3040305646411a46e7b446b59751bd0b') in 0.006902 seconds
  Import took 0.007863 seconds .

========================================================================
Received Import Request.
  Time since last request: 0.000088 seconds.
  path: Assets/Sprites/BlueEnemySpriteSheet.png
  artifactKey: Guid(36b921ff62d814d3caf95baa6387a8fd) Importer(815301076,1909f56bfc062723c751e8b465ee728b)
Start importing Assets/Sprites/BlueEnemySpriteSheet.png using Guid(36b921ff62d814d3caf95baa6387a8fd) Importer(815301076,1909f56bfc062723c751e8b465ee728b)  -> (artifact id: '01ac670daced06ae10a0bc09a07198ea') in 0.008457 seconds
  Import took 0.009416 seconds .

========================================================================
Received Import Request.
  Time since last request: 0.000087 seconds.
  path: Assets/Sprites/UI-SelectedAmmo.png
  artifactKey: Guid(ce2b66d0cd4a245178f009873a8512c0) Importer(815301076,1909f56bfc062723c751e8b465ee728b)
Start importing Assets/Sprites/UI-SelectedAmmo.png using Guid(ce2b66d0cd4a245178f009873a8512c0) Importer(815301076,1909f56bfc062723c751e8b465ee728b)  -> (artifact id: '85e3b5a6061dd6d8775bc1b8f10689f5') in 0.003480 seconds
  Import took 0.004430 seconds .

========================================================================
Received Import Request.
  Time since last request: 0.000073 seconds.
  path: Assets/Sprites/comic 1 DEF.png
  artifactKey: Guid(5855f46d4db804deb8b015b14dab31e5) Importer(815301076,1909f56bfc062723c751e8b465ee728b)
Start importing Assets/Sprites/comic 1 DEF.png using Guid(5855f46d4db804deb8b015b14dab31e5) Importer(815301076,1909f56bfc062723c751e8b465ee728b)  -> (artifact id: '852f3e3942e70f0bd3be72034e5fd496') in 0.009329 seconds
  Import took 0.010777 seconds .

========================================================================
Received Import Request.
  Time since last request: 0.000093 seconds.
  path: Assets/Sprites/UI-CylinerAmmo2.png
  artifactKey: Guid(a889a6b39f8e45244abed97601de2410) Importer(815301076,1909f56bfc062723c751e8b465ee728b)
Start importing Assets/Sprites/UI-CylinerAmmo2.png using Guid(a889a6b39f8e45244abed97601de2410) Importer(815301076,1909f56bfc062723c751e8b465ee728b)  -> (artifact id: 'afcf70e2f7b3038dd9a2a83254b947d4') in 0.002893 seconds
  Import took 0.003872 seconds .

========================================================================
Received Import Request.
  Time since last request: 0.000069 seconds.
  path: Assets/Sprites/Altar.png
  artifactKey: Guid(1907b688a8ef046fe8ea5fcbaaa99560) Importer(815301076,1909f56bfc062723c751e8b465ee728b)
Start importing Assets/Sprites/Altar.png using Guid(1907b688a8ef046fe8ea5fcbaaa99560) Importer(815301076,1909f56bfc062723c751e8b465ee728b)  -> (artifact id: 'b345d90b26d39956bfde5ef5b7744081') in 0.003615 seconds
  Import took 0.004556 seconds .

========================================================================
Received Import Request.
  Time since last request: 0.000067 seconds.
  path: Assets/Sprites/Map2.png
  artifactKey: Guid(6472a528c2f824bbfa9663ae233119a7) Importer(815301076,1909f56bfc062723c751e8b465ee728b)
Start importing Assets/Sprites/Map2.png using Guid(6472a528c2f824bbfa9663ae233119a7) Importer(815301076,1909f56bfc062723c751e8b465ee728b)  -> (artifact id: '0020389c9c13cc705b4c999126e91811') in 0.010213 seconds
  Import took 0.011469 seconds .

========================================================================
Received Prepare
Registering precompiled user dll's ...
Registered in 0.000476 seconds.
Begin MonoManager ReloadAssembly
Native extension for LinuxStandalone target not found
Native extension for WindowsStandalone target not found
Native extension for WebGL target not found
Refreshing native plugins compatible for Editor in 0.31 ms, found 0 plugins.
Preloading 0 native plugins for Editor in 0.00 ms.
Invoked RoslynAnalysisRunner static constructor.
RoslynAnalysisRunner will not be running.
RoslynAnalysisRunner has terminated.
Mono: successfully reloaded assembly
- Completed reload, in  0.471 seconds
Platform modules already initialized, skipping
Refreshing native plugins compatible for Editor in 0.17 ms, found 0 plugins.
Preloading 0 native plugins for Editor in 0.00 ms.
Unloading 1422 Unused Serialized files (Serialized files now loaded: 0)
System memory in use before: 60.7 MB.
System memory in use after: 60.7 MB.

Unloading 24 unused Assets to reduce memory usage. Loaded Objects now: 1942.
Total: 1.603371 ms (FindLiveObjects: 0.112490 ms CreateObjectMapping: 0.032130 ms MarkObjects: 1.408801 ms  DeleteObjects: 0.049450 ms)

========================================================================
Received Prepare
Registering precompiled user dll's ...
Registered in 0.000479 seconds.
Begin MonoManager ReloadAssembly
Native extension for LinuxStandalone target not found
Native extension for WindowsStandalone target not found
Native extension for WebGL target not found
Refreshing native plugins compatible for Editor in 0.33 ms, found 0 plugins.
Preloading 0 native plugins for Editor in 0.00 ms.
Invoked RoslynAnalysisRunner static constructor.
RoslynAnalysisRunner will not be running.
RoslynAnalysisRunner has terminated.
Mono: successfully reloaded assembly
- Completed reload, in  0.501 seconds
Platform modules already initialized, skipping
Refreshing native plugins compatible for Editor in 0.17 ms, found 0 plugins.
Preloading 0 native plugins for Editor in 0.00 ms.
Unloading 1430 Unused Serialized files (Serialized files now loaded: 0)
System memory in use before: 61.0 MB.
System memory in use after: 61.0 MB.

Unloading 24 unused Assets to reduce memory usage. Loaded Objects now: 1953.
Total: 2.046772 ms (FindLiveObjects: 0.161581 ms CreateObjectMapping: 0.041890 ms MarkObjects: 1.786761 ms  DeleteObjects: 0.055910 ms)

========================================================================
Received Prepare
Refreshing native plugins compatible for Editor in 2.26 ms, found 0 plugins.
Preloading 0 native plugins for Editor in 0.00 ms.
Unloading 22 Unused Serialized files (Serialized files now loaded: 0)
System memory in use before: 33.0 MB.
System memory in use after: 33.0 MB.

Unloading 22 unused Assets to reduce memory usage. Loaded Objects now: 1953.
Total: 2.438011 ms (FindLiveObjects: 0.096260 ms CreateObjectMapping: 0.027940 ms MarkObjects: 2.260081 ms  DeleteObjects: 0.053090 ms)

